[+] Containers:
 |- [+] Container: /Game/TopDown/Maps/GameMap1
 |   |- [+] ActorDescs:
 |   |   |- Guid:026ACA684AE0757A10ABCE914AAD3D2C BaseClass: NativeClass:/Script/Engine.StaticMeshActor Name:StaticMeshActor_44 Label:SM_ChamferCube3 SpatiallyLoaded:1 Bounds:IsValid=true, Min=(X=711.512 Y=2824.945 Z=100.063), Max=(X=848.115 Y=2961.548 Z=200.063) RuntimeGrid:None EditorOnly:0 RuntimeOnly:0 HLODRelevant:0
 |   |   |- Guid:028A74F940BFC1123CE6A7BC4F2DFC58 BaseClass: NativeClass:/Script/Engine.SkyAtmosphere Name:SkyAtmosphere_1 Label:SkyAtmosphere SpatiallyLoaded:0 Bounds:IsValid=true, Min=(X=0.000 Y=0.000 Z=1020.000), Max=(X=0.000 Y=0.000 Z=1020.000) RuntimeGrid:None EditorOnly:0 RuntimeOnly:0 HLODRelevant:0 FolderPath:Lighting FolderGuid:4C9334684BA61B42C769F799D2576455
 |   |   |- Guid:0510BFBF4A4CAEC471FFD2935AF39611 BaseClass: NativeClass:/Script/Engine.StaticMeshActor Name:StaticMeshActor_UAID_C4BDE57D873B586B01_1136423644 Label:Wall_Window_400x401 SpatiallyLoaded:1 Bounds:IsValid=true, Min=(X=3560.000 Y=1380.000 Z=0.000), Max=(X=3580.000 Y=1780.000 Z=400.000) RuntimeGrid:None EditorOnly:0 RuntimeOnly:0 HLODRelevant:1
 |   |   |- Guid:06CECDBC4F6BCF44FE2A3E91ECC8A384 BaseClass:/Game/objects/PuzzlePiece.PuzzlePiece_C NativeClass:/Script/Engine.Actor Name:PuzzlePiece_C_UAID_C4BDE57D873B0B6B01_1783430102 Label:PuzzlePiece SpatiallyLoaded:1 Bounds:IsValid=true, Min=(X=-1789.927 Y=2251.896 Z=-96.000), Max=(X=-1519.431 Y=2522.392 Z=96.000) RuntimeGrid:None EditorOnly:0 RuntimeOnly:0 HLODRelevant:0
 |   |   |- Guid:0BCF55F9426E2756D9F540B3A2B3EF11 BaseClass: NativeClass:/Script/Engine.StaticMeshActor Name:StaticMeshActor_UAID_C4BDE57D873BFE6A01_1473683801 Label:Wall_400x400 SpatiallyLoaded:1 Bounds:IsValid=true, Min=(X=-2440.000 Y=3760.000 Z=0.000), Max=(X=-440.000 Y=3780.000 Z=400.000) RuntimeGrid:None EditorOnly:0 RuntimeOnly:0 HLODRelevant:1
 |   |   |- Guid:105C39B34F2B296882D8B2836E027F79 BaseClass: NativeClass:/Script/Engine.StaticMeshActor Name:StaticMeshActor_40 Label:SM_Cylinder10 SpatiallyLoaded:1 Bounds:IsValid=true, Min=(X=2250.000 Y=2650.000 Z=0.000), Max=(X=2350.000 Y=2750.000 Z=300.000) RuntimeGrid:None EditorOnly:0 RuntimeOnly:0 HLODRelevant:1 FolderPath:Pillars FolderGuid:BB8AF4C246C38D173850E8B115A3DCFE
 |   |   |- Guid:1193542A4F87FE4B8B3784904A79353C BaseClass:/Game/objects/PuzzlePiece.PuzzlePiece_C NativeClass:/Script/Engine.Actor Name:PuzzlePiece_C_UAID_C4BDE57D873B0B6B01_1784516103 Label:PuzzlePiece2 SpatiallyLoaded:1 Bounds:IsValid=true, Min=(X=984.000 Y=2514.000 Z=-96.000), Max=(X=1176.000 Y=2706.000 Z=96.000) RuntimeGrid:None EditorOnly:0 RuntimeOnly:0 HLODRelevant:0
 |   |   |- Guid:13F5E6B44719EB9A853631A2C0905F14 BaseClass: NativeClass:/Script/Engine.StaticMeshActor Name:StaticMeshActor_UAID_C4BDE57D873BFE6A01_1164933800 Label:Floor_400x400 SpatiallyLoaded:1 Bounds:IsValid=true, Min=(X=-2440.000 Y=-220.000 Z=-200.001), Max=(X=4360.000 Y=3780.000 Z=0.000) RuntimeGrid:None EditorOnly:0 RuntimeOnly:0 HLODRelevant:1
 |   |   |- Guid:18ED397B4D709E37D87A838A54710B4A BaseClass: NativeClass:/Script/Engine.VolumetricCloud Name:VolumetricCloud_0 Label:VolumetricCloud SpatiallyLoaded:0 Bounds:IsValid=true, Min=(X=0.000 Y=0.000 Z=820.000), Max=(X=0.000 Y=0.000 Z=820.000) RuntimeGrid:None EditorOnly:0 RuntimeOnly:0 HLODRelevant:0 FolderPath:Lighting FolderGuid:4C9334684BA61B42C769F799D2576455
 |   |   |- Guid:191AF95548F2B887F1D7508FBBAD7AEA BaseClass: NativeClass:/Script/Engine.StaticMeshActor Name:StaticMeshActor_35 Label:SM_Cylinder5 SpatiallyLoaded:1 Bounds:IsValid=true, Min=(X=1750.000 Y=2750.000 Z=0.000), Max=(X=1850.000 Y=2850.000 Z=300.000) RuntimeGrid:None EditorOnly:0 RuntimeOnly:0 HLODRelevant:1 FolderPath:Pillars FolderGuid:BB8AF4C246C38D173850E8B115A3DCFE
 |   |   |- Guid:27D1D08346A1EF4128694B88B9A3D896 BaseClass: NativeClass:/Script/Engine.PostProcessVolume Name:PostProcessVolume_1 Label:PostProcessVolume SpatiallyLoaded:0 Bounds:IsValid=true, Min=(X=0.000 Y=0.000 Z=400.000), Max=(X=200.000 Y=200.000 Z=600.000) RuntimeGrid:None EditorOnly:0 RuntimeOnly:0 HLODRelevant:0 FolderPath:Lighting FolderGuid:4C9334684BA61B42C769F799D2576455
 |   |   |- Guid:2C07191E4C32BFA6F2AF649BC1FBEEB2 BaseClass: NativeClass:/Script/Engine.StaticMeshActor Name:StaticMeshActor_3 Label:SM_Cylinder11 SpatiallyLoaded:1 Bounds:IsValid=true, Min=(X=1350.000 Y=2950.000 Z=0.000), Max=(X=1450.000 Y=3050.000 Z=300.000) RuntimeGrid:None EditorOnly:0 RuntimeOnly:0 HLODRelevant:1 FolderPath:Pillars FolderGuid:BB8AF4C246C38D173850E8B115A3DCFE
 |   |   |- Guid:3148726B4963035B182779983EB7FC80 BaseClass: NativeClass:/Script/Engine.StaticMeshActor Name:StaticMeshActor_2 Label:SM_Cylinder6 SpatiallyLoaded:1 Bounds:IsValid=true, Min=(X=1350.000 Y=2450.000 Z=0.000), Max=(X=1450.000 Y=2550.000 Z=300.000) RuntimeGrid:None EditorOnly:0 RuntimeOnly:0 HLODRelevant:1 FolderPath:Pillars FolderGuid:BB8AF4C246C38D173850E8B115A3DCFE
 |   |   |- Guid:351C4AA94AF501438237BD849B84540A BaseClass: NativeClass:/Script/Engine.SkyLight Name:SkyLight_1 Label:SkyLight SpatiallyLoaded:0 Bounds:IsValid=true, Min=(X=0.000 Y=0.000 Z=690.000), Max=(X=0.000 Y=0.000 Z=690.000) RuntimeGrid:None EditorOnly:0 RuntimeOnly:0 HLODRelevant:0 FolderPath:Lighting FolderGuid:4C9334684BA61B42C769F799D2576455
 |   |   |- Guid:3833BD7E4A9C622A83BDFA838EAA9958 BaseClass: NativeClass:/Script/Engine.StaticMeshActor Name:StaticMeshActor_59 Label:SM_ChamferCube4 SpatiallyLoaded:1 Bounds:IsValid=true, Min=(X=663.409 Y=2784.238 Z=0.063), Max=(X=804.292 Y=2925.121 Z=100.063) RuntimeGrid:None EditorOnly:0 RuntimeOnly:0 HLODRelevant:0
 |   |   |- Guid:39DC3C974769BD04858A558393403E3D BaseClass: NativeClass:/Script/Engine.StaticMeshActor Name:StaticMeshActor_UAID_C4BDE57D873BFE6A01_1543343802 Label:Wall_400x401 SpatiallyLoaded:1 Bounds:IsValid=true, Min=(X=-2440.000 Y=2160.000 Z=0.000), Max=(X=-440.000 Y=2180.000 Z=400.000) RuntimeGrid:None EditorOnly:0 RuntimeOnly:0 HLODRelevant:1
 |   |   |- Guid:4701E7B240E1CC47B539AFAEC36B3153 BaseClass: NativeClass:/Script/Engine.StaticMeshActor Name:StaticMeshActor_UAID_C4BDE57D873B576B01_1790549463 Label:Wall_400x403 SpatiallyLoaded:1 Bounds:IsValid=true, Min=(X=-2440.000 Y=1770.000 Z=0.000), Max=(X=-2420.000 Y=3770.000 Z=400.000) RuntimeGrid:None EditorOnly:0 RuntimeOnly:0 HLODRelevant:1
 |   |   |- Guid:4E8A3753442661C9C8A6C5ADBFE4FD17 BaseClass: NativeClass:/Script/Engine.StaticMeshActor Name:StaticMeshActor_UAID_C4BDE57D873BFE6A01_1614236804 Label:Wall_Window_400x400 SpatiallyLoaded:1 Bounds:IsValid=true, Min=(X=-440.000 Y=2160.000 Z=0.000), Max=(X=-40.000 Y=2180.000 Z=400.000) RuntimeGrid:None EditorOnly:0 RuntimeOnly:0 HLODRelevant:1
 |   |   |- Guid:4F6BE3F8434D6C0BDE78D6B889A270E4 BaseClass: NativeClass:/Script/Engine.StaticMeshActor Name:StaticMeshActor_37 Label:SM_Cylinder7 SpatiallyLoaded:1 Bounds:IsValid=true, Min=(X=2720.000 Y=1330.000 Z=0.000), Max=(X=2820.000 Y=1830.000 Z=300.000) RuntimeGrid:None EditorOnly:0 RuntimeOnly:0 HLODRelevant:1 FolderPath:Pillars FolderGuid:BB8AF4C246C38D173850E8B115A3DCFE
 |   |   |- Guid:51E36D33449EAFF55D4D9D96B069F30A BaseClass:/Game/objects/BP_Door.BP_Door_C NativeClass:/Script/Engine.StaticMeshActor Name:BP_Door_C_UAID_C4BDE57D873B0A6B01_1674565924 Label:BP_Door SpatiallyLoaded:1 Bounds:IsValid=true, Min=(X=3560.758 Y=490.000 Z=0.000), Max=(X=3579.242 Y=580.000 Z=200.000) RuntimeGrid:None EditorOnly:0 RuntimeOnly:0 HLODRelevant:0
 |   |   |- Guid:57BACBC94CC48C142146A0A6AB13292A BaseClass: NativeClass:/Script/Engine.StaticMeshActor Name:StaticMeshActor_39 Label:SM_Cylinder9 SpatiallyLoaded:1 Bounds:IsValid=true, Min=(X=2450.000 Y=2350.000 Z=0.000), Max=(X=2550.000 Y=2450.000 Z=300.000) RuntimeGrid:None EditorOnly:0 RuntimeOnly:0 HLODRelevant:1 FolderPath:Pillars FolderGuid:BB8AF4C246C38D173850E8B115A3DCFE
 |   |   |- Guid:5A30FCC243B364C6A21CC58058DE276D BaseClass: NativeClass:/Script/Engine.ExponentialHeightFog Name:ExponentialHeightFog_1 Label:ExponentialHeightFog SpatiallyLoaded:0 Bounds:IsValid=true, Min=(X=-5600.000 Y=-50.000 Z=-6850.000), Max=(X=-5600.000 Y=-50.000 Z=-6850.000) RuntimeGrid:None EditorOnly:0 RuntimeOnly:0 HLODRelevant:0 FolderPath:Lighting FolderGuid:4C9334684BA61B42C769F799D2576455
 |   |   |- Guid:6165ABE24E8E6FAA497566B0A0D85F51 BaseClass:/Game/ThirdPerson/Blueprints/EnemyAI.EnemyAI_C NativeClass:/Script/Engine.Character Name:EnemyAI_C_UAID_C4BDE57D873BA16A01_1387975434 Label:EnemyAI SpatiallyLoaded:1 Bounds:IsValid=true, Min=(X=-1305.000 Y=592.000 Z=-38.000), Max=(X=-1032.000 Y=848.000 Z=218.000) RuntimeGrid:None EditorOnly:0 RuntimeOnly:0 HLODRelevant:0
 |   |   |- Guid:6865015A48C8DE0D98768D923A84AD4F BaseClass: NativeClass:/Script/Engine.StaticMeshActor Name:StaticMeshActor_UAID_C4BDE57D873B576B01_1807268464 Label:Wall_400x404 SpatiallyLoaded:1 Bounds:IsValid=true, Min=(X=-2440.000 Y=-220.000 Z=0.000), Max=(X=-2420.000 Y=1780.000 Z=400.000) RuntimeGrid:None EditorOnly:0 RuntimeOnly:0 HLODRelevant:1
 |   |   |- Guid:7295F86D4EE97A87338ED2AE24EFFF2F BaseClass: NativeClass:/Script/Engine.StaticMeshActor Name:StaticMeshActor_UAID_A4AE111137DC5CFB00_1660657071 Label:SM_SkySphere SpatiallyLoaded:0 Bounds:IsValid=true, Min=(X=-1638400.000 Y=-1638400.000 Z=-1638400.000), Max=(X=1638400.000 Y=1638400.000 Z=1638400.000) RuntimeGrid:None EditorOnly:0 RuntimeOnly:0 HLODRelevant:1 FolderPath:Lighting FolderGuid:4C9334684BA61B42C769F799D2576455
 |   |   |- Guid:7E28722048D654219F91F3B737D06893 BaseClass: NativeClass:/Script/Engine.StaticMeshActor Name:StaticMeshActor_UAID_C4BDE57D873BFE6A01_1572969803 Label:Wall_400x402 SpatiallyLoaded:1 Bounds:IsValid=true, Min=(X=-440.000 Y=3760.000 Z=0.000), Max=(X=1560.000 Y=3780.000 Z=400.000) RuntimeGrid:None EditorOnly:0 RuntimeOnly:0 HLODRelevant:1
 |   |   |- Guid:7FC4A9474D91AB5505D6D999FF9FA21C BaseClass: NativeClass:/Script/Engine.StaticMeshActor Name:StaticMeshActor_UAID_C4BDE57D873B576B01_2128803466 Label:Wall_400x405 SpatiallyLoaded:1 Bounds:IsValid=true, Min=(X=1560.000 Y=3760.000 Z=0.000), Max=(X=3560.000 Y=3780.000 Z=400.000) RuntimeGrid:None EditorOnly:0 RuntimeOnly:0 HLODRelevant:1
 |   |   |- Guid:83E96B054FD8E817664ADDA28903ACF7 BaseClass: NativeClass:/Script/Engine.StaticMeshActor Name:StaticMeshActor_UAID_C4BDE57D873B586B01_1091957643 Label:Wall_400x406 SpatiallyLoaded:1 Bounds:IsValid=true, Min=(X=3560.000 Y=1780.000 Z=0.000), Max=(X=3580.000 Y=3780.000 Z=400.000) RuntimeGrid:None EditorOnly:0 RuntimeOnly:0 HLODRelevant:1
 |   |   |- Guid:861499B54C11ABDB4D52ABB2DC1CEE72 BaseClass: NativeClass:/Script/Engine.DirectionalLight Name:DirectionalLight_1 Label:DirectionalLight SpatiallyLoaded:0 Bounds:IsValid=true, Min=(X=-4398046511104.000 Y=-4398046511104.000 Z=-4398046511104.000), Max=(X=4398046511104.000 Y=4398046511104.000 Z=4398046511104.000) RuntimeGrid:None EditorOnly:0 RuntimeOnly:0 HLODRelevant:0 FolderPath:Lighting FolderGuid:4C9334684BA61B42C769F799D2576455
 |   |   |- Guid:937B525946BA2347E2D67894C90CEFCC BaseClass: NativeClass:/Script/Engine.PlayerStart Name:PlayerStart_0 Label:PlayerStart SpatiallyLoaded:0 Bounds:IsValid=true, Min=(X=-2320.000 Y=3230.000 Z=0.013), Max=(X=-2240.000 Y=3310.000 Z=184.013) RuntimeGrid:None EditorOnly:0 RuntimeOnly:0 HLODRelevant:0
 |   |   |- Guid:A17486564948F6ABE49148A36A8C700F BaseClass: NativeClass:/Script/Engine.WorldDataLayers Name:WorldDataLayers Label:WorldDataLayers SpatiallyLoaded:0 Bounds:IsValid=true, Min=(X=0.000 Y=0.000 Z=0.000), Max=(X=0.000 Y=0.000 Z=0.000) RuntimeGrid:None EditorOnly:0 RuntimeOnly:0 HLODRelevant:0
 |   |   |- Guid:ACB7AD96412B41282D8C918C15852FBE BaseClass: NativeClass:/Script/Engine.StaticMeshActor Name:StaticMeshActor_66 Label:SM_Cylinder15 SpatiallyLoaded:1 Bounds:IsValid=true, Min=(X=2550.000 Y=2950.000 Z=0.000), Max=(X=2650.000 Y=3050.000 Z=300.000) RuntimeGrid:None EditorOnly:0 RuntimeOnly:0 HLODRelevant:1 FolderPath:Pillars FolderGuid:BB8AF4C246C38D173850E8B115A3DCFE
 |   |   |- Guid:B263716D44E53042D0EDA694B4954E3A BaseClass: NativeClass:/Script/Engine.StaticMeshActor Name:StaticMeshActor_34 Label:SM_Cylinder4 SpatiallyLoaded:1 Bounds:IsValid=true, Min=(X=1850.000 Y=2350.000 Z=0.000), Max=(X=1950.000 Y=2450.000 Z=300.000) RuntimeGrid:None EditorOnly:0 RuntimeOnly:0 HLODRelevant:1 FolderPath:Pillars FolderGuid:BB8AF4C246C38D173850E8B115A3DCFE
 |   |   |- Guid:B453375B41D1D4B94A1ECEACD4B0E508 BaseClass: NativeClass:/Script/Engine.StaticMeshActor Name:StaticMeshActor_65 Label:SM_ChamferCube5 SpatiallyLoaded:1 Bounds:IsValid=true, Min=(X=2419.765 Y=1390.593 Z=0.063), Max=(X=2547.936 Y=1518.765 Z=100.063) RuntimeGrid:None EditorOnly:0 RuntimeOnly:0 HLODRelevant:0
 |   |   |- Guid:B57F22CE4420ECFBC02F1DA586EAA8E0 BaseClass:/Game/objects/BP_PressurePuzzle.BP_PressurePuzzle_C NativeClass:/Script/Engine.Actor Name:BP_PressurePuzzle_C_UAID_C4BDE57D873B0A6B01_1672806923 Label:BP_PressurePuzzle SpatiallyLoaded:1 Bounds:IsValid=true, Min=(X=3390.000 Y=570.000 Z=0.000), Max=(X=3540.000 Y=1470.000 Z=226.000) RuntimeGrid:None EditorOnly:0 RuntimeOnly:0 HLODRelevant:0
 |   |   |- Guid:B92B70BC4C26BD86543644B1B92D89EA BaseClass: NativeClass:/Script/Engine.StaticMeshActor Name:StaticMeshActor_42 Label:SM_ChamferCube SpatiallyLoaded:1 Bounds:IsValid=true, Min=(X=761.762 Y=2853.712 Z=0.063), Max=(X=902.646 Y=2994.595 Z=100.063) RuntimeGrid:None EditorOnly:0 RuntimeOnly:0 HLODRelevant:0
 |   |   |- Guid:BE947B3343CD37E2AE1F169551B16A0E BaseClass: NativeClass:/Script/Engine.TextRenderActor Name:TextRenderActor_UAID_C4BDE57D873B576B01_1892020465 Label:TextRenderActor SpatiallyLoaded:1 Bounds:IsValid=true, Min=(X=-1840.000 Y=2295.192 Z=-0.000), Max=(X=-1740.000 Y=3604.808 Z=-0.000) RuntimeGrid:None EditorOnly:0 RuntimeOnly:0 HLODRelevant:0
 |   |   |- Guid:C50BAA4D4B068C02014AC69D5101B1D0 BaseClass: NativeClass:/Script/Engine.StaticMeshActor Name:StaticMeshActor_UAID_C4BDE57D873B586B01_1316363647 Label:Wall_Window_400x402 SpatiallyLoaded:1 Bounds:IsValid=true, Min=(X=3560.000 Y=-210.000 Z=0.000), Max=(X=3580.000 Y=190.000 Z=400.000) RuntimeGrid:None EditorOnly:0 RuntimeOnly:0 HLODRelevant:1
 |   |   |- Guid:D380CAB34BD9C87B7023FBB8C1843DE1 BaseClass: NativeClass:/Script/Engine.StaticMeshActor Name:StaticMeshActor_UAID_C4BDE57D873B586B01_1295483646 Label:Wall_400x408 SpatiallyLoaded:1 Bounds:IsValid=true, Min=(X=3560.000 Y=190.000 Z=0.000), Max=(X=3580.000 Y=490.000 Z=400.000) RuntimeGrid:None EditorOnly:0 RuntimeOnly:0 HLODRelevant:1
 |   |   |- Guid:D4EFCBE24FD3840CEFAA02B8DDF03456 BaseClass: NativeClass:/Script/Engine.StaticMeshActor Name:StaticMeshActor_38 Label:SM_Cylinder8 SpatiallyLoaded:1 Bounds:IsValid=true, Min=(X=2250.000 Y=1950.000 Z=0.000), Max=(X=2350.000 Y=2050.000 Z=300.000) RuntimeGrid:None EditorOnly:0 RuntimeOnly:0 HLODRelevant:1 FolderPath:Pillars FolderGuid:BB8AF4C246C38D173850E8B115A3DCFE
 |   |   |- Guid:F2A8FBF54146E5F683C21686128FC9B4 BaseClass: NativeClass:/Script/Engine.StaticMeshActor Name:StaticMeshActor_UAID_C4BDE57D873B586B01_1248602645 Label:Wall_400x407 SpatiallyLoaded:1 Bounds:IsValid=true, Min=(X=3560.000 Y=580.000 Z=0.000), Max=(X=3580.000 Y=1380.000 Z=400.000) RuntimeGrid:None EditorOnly:0 RuntimeOnly:0 HLODRelevant:1
 |   |   |- Guid:F307B5BB41AEA655D7F2E5A34BF0E2E0 BaseClass: NativeClass:/Script/NavigationSystem.NavMeshBoundsVolume Name:NavMeshBoundsVolume_1 Label:NavMeshBoundsVolume SpatiallyLoaded:0 Bounds:IsValid=true, Min=(X=-2420.000 Y=-285.000 Z=-125.000), Max=(X=3980.000 Y=3785.000 Z=125.000) RuntimeGrid:None EditorOnly:0 RuntimeOnly:0 HLODRelevant:0 FolderPath:Navigation FolderGuid:AE45D61F453CC144CF8289862C276E89
 |   |- [+] Clusters:
 |   |   |- [+] [  0]
 |   |   |   |- Guid:57BACBC94CC48C142146A0A6AB13292A BaseClass: NativeClass:/Script/Engine.StaticMeshActor Name:StaticMeshActor_39 Label:SM_Cylinder9 SpatiallyLoaded:1 Bounds:IsValid=true, Min=(X=2450.000 Y=2350.000 Z=0.000), Max=(X=2550.000 Y=2450.000 Z=300.000) RuntimeGrid:None EditorOnly:0 RuntimeOnly:0 HLODRelevant:1 FolderPath:Pillars FolderGuid:BB8AF4C246C38D173850E8B115A3DCFE
 |   |   |- [+] [  1]
 |   |   |   |- Guid:861499B54C11ABDB4D52ABB2DC1CEE72 BaseClass: NativeClass:/Script/Engine.DirectionalLight Name:DirectionalLight_1 Label:DirectionalLight SpatiallyLoaded:0 Bounds:IsValid=true, Min=(X=-4398046511104.000 Y=-4398046511104.000 Z=-4398046511104.000), Max=(X=4398046511104.000 Y=4398046511104.000 Z=4398046511104.000) RuntimeGrid:None EditorOnly:0 RuntimeOnly:0 HLODRelevant:0 FolderPath:Lighting FolderGuid:4C9334684BA61B42C769F799D2576455
 |   |   |- [+] [  2]
 |   |   |   |- Guid:D4EFCBE24FD3840CEFAA02B8DDF03456 BaseClass: NativeClass:/Script/Engine.StaticMeshActor Name:StaticMeshActor_38 Label:SM_Cylinder8 SpatiallyLoaded:1 Bounds:IsValid=true, Min=(X=2250.000 Y=1950.000 Z=0.000), Max=(X=2350.000 Y=2050.000 Z=300.000) RuntimeGrid:None EditorOnly:0 RuntimeOnly:0 HLODRelevant:1 FolderPath:Pillars FolderGuid:BB8AF4C246C38D173850E8B115A3DCFE
 |   |   |- [+] [  3]
 |   |   |   |- Guid:B263716D44E53042D0EDA694B4954E3A BaseClass: NativeClass:/Script/Engine.StaticMeshActor Name:StaticMeshActor_34 Label:SM_Cylinder4 SpatiallyLoaded:1 Bounds:IsValid=true, Min=(X=1850.000 Y=2350.000 Z=0.000), Max=(X=1950.000 Y=2450.000 Z=300.000) RuntimeGrid:None EditorOnly:0 RuntimeOnly:0 HLODRelevant:1 FolderPath:Pillars FolderGuid:BB8AF4C246C38D173850E8B115A3DCFE
 |   |   |- [+] [  4]
 |   |   |   |- Guid:026ACA684AE0757A10ABCE914AAD3D2C BaseClass: NativeClass:/Script/Engine.StaticMeshActor Name:StaticMeshActor_44 Label:SM_ChamferCube3 SpatiallyLoaded:1 Bounds:IsValid=true, Min=(X=711.512 Y=2824.945 Z=100.063), Max=(X=848.115 Y=2961.548 Z=200.063) RuntimeGrid:None EditorOnly:0 RuntimeOnly:0 HLODRelevant:0
 |   |   |- [+] [  5]
 |   |   |   |- Guid:3148726B4963035B182779983EB7FC80 BaseClass: NativeClass:/Script/Engine.StaticMeshActor Name:StaticMeshActor_2 Label:SM_Cylinder6 SpatiallyLoaded:1 Bounds:IsValid=true, Min=(X=1350.000 Y=2450.000 Z=0.000), Max=(X=1450.000 Y=2550.000 Z=300.000) RuntimeGrid:None EditorOnly:0 RuntimeOnly:0 HLODRelevant:1 FolderPath:Pillars FolderGuid:BB8AF4C246C38D173850E8B115A3DCFE
 |   |   |- [+] [  6]
 |   |   |   |- Guid:39DC3C974769BD04858A558393403E3D BaseClass: NativeClass:/Script/Engine.StaticMeshActor Name:StaticMeshActor_UAID_C4BDE57D873BFE6A01_1543343802 Label:Wall_400x401 SpatiallyLoaded:1 Bounds:IsValid=true, Min=(X=-2440.000 Y=2160.000 Z=0.000), Max=(X=-440.000 Y=2180.000 Z=400.000) RuntimeGrid:None EditorOnly:0 RuntimeOnly:0 HLODRelevant:1
 |   |   |- [+] [  7]
 |   |   |   |- Guid:6165ABE24E8E6FAA497566B0A0D85F51 BaseClass:/Game/ThirdPerson/Blueprints/EnemyAI.EnemyAI_C NativeClass:/Script/Engine.Character Name:EnemyAI_C_UAID_C4BDE57D873BA16A01_1387975434 Label:EnemyAI SpatiallyLoaded:1 Bounds:IsValid=true, Min=(X=-1305.000 Y=592.000 Z=-38.000), Max=(X=-1032.000 Y=848.000 Z=218.000) RuntimeGrid:None EditorOnly:0 RuntimeOnly:0 HLODRelevant:0
 |   |   |- [+] [  8]
 |   |   |   |- Guid:7E28722048D654219F91F3B737D06893 BaseClass: NativeClass:/Script/Engine.StaticMeshActor Name:StaticMeshActor_UAID_C4BDE57D873BFE6A01_1572969803 Label:Wall_400x402 SpatiallyLoaded:1 Bounds:IsValid=true, Min=(X=-440.000 Y=3760.000 Z=0.000), Max=(X=1560.000 Y=3780.000 Z=400.000) RuntimeGrid:None EditorOnly:0 RuntimeOnly:0 HLODRelevant:1
 |   |   |- [+] [  9]
 |   |   |   |- Guid:B57F22CE4420ECFBC02F1DA586EAA8E0 BaseClass:/Game/objects/BP_PressurePuzzle.BP_PressurePuzzle_C NativeClass:/Script/Engine.Actor Name:BP_PressurePuzzle_C_UAID_C4BDE57D873B0A6B01_1672806923 Label:BP_PressurePuzzle SpatiallyLoaded:1 Bounds:IsValid=true, Min=(X=3390.000 Y=570.000 Z=0.000), Max=(X=3540.000 Y=1470.000 Z=226.000) RuntimeGrid:None EditorOnly:0 RuntimeOnly:0 HLODRelevant:0
 |   |   |   |- Guid:51E36D33449EAFF55D4D9D96B069F30A BaseClass:/Game/objects/BP_Door.BP_Door_C NativeClass:/Script/Engine.StaticMeshActor Name:BP_Door_C_UAID_C4BDE57D873B0A6B01_1674565924 Label:BP_Door SpatiallyLoaded:1 Bounds:IsValid=true, Min=(X=3560.758 Y=490.000 Z=0.000), Max=(X=3579.242 Y=580.000 Z=200.000) RuntimeGrid:None EditorOnly:0 RuntimeOnly:0 HLODRelevant:0
 |   |   |- [+] [ 10]
 |   |   |   |- Guid:06CECDBC4F6BCF44FE2A3E91ECC8A384 BaseClass:/Game/objects/PuzzlePiece.PuzzlePiece_C NativeClass:/Script/Engine.Actor Name:PuzzlePiece_C_UAID_C4BDE57D873B0B6B01_1783430102 Label:PuzzlePiece SpatiallyLoaded:1 Bounds:IsValid=true, Min=(X=-1789.927 Y=2251.896 Z=-96.000), Max=(X=-1519.431 Y=2522.392 Z=96.000) RuntimeGrid:None EditorOnly:0 RuntimeOnly:0 HLODRelevant:0
 |   |   |- [+] [ 11]
 |   |   |   |- Guid:A17486564948F6ABE49148A36A8C700F BaseClass: NativeClass:/Script/Engine.WorldDataLayers Name:WorldDataLayers Label:WorldDataLayers SpatiallyLoaded:0 Bounds:IsValid=true, Min=(X=0.000 Y=0.000 Z=0.000), Max=(X=0.000 Y=0.000 Z=0.000) RuntimeGrid:None EditorOnly:0 RuntimeOnly:0 HLODRelevant:0
 |   |   |- [+] [ 12]
 |   |   |   |- Guid:3833BD7E4A9C622A83BDFA838EAA9958 BaseClass: NativeClass:/Script/Engine.StaticMeshActor Name:StaticMeshActor_59 Label:SM_ChamferCube4 SpatiallyLoaded:1 Bounds:IsValid=true, Min=(X=663.409 Y=2784.238 Z=0.063), Max=(X=804.292 Y=2925.121 Z=100.063) RuntimeGrid:None EditorOnly:0 RuntimeOnly:0 HLODRelevant:0
 |   |   |- [+] [ 13]
 |   |   |   |- Guid:ACB7AD96412B41282D8C918C15852FBE BaseClass: NativeClass:/Script/Engine.StaticMeshActor Name:StaticMeshActor_66 Label:SM_Cylinder15 SpatiallyLoaded:1 Bounds:IsValid=true, Min=(X=2550.000 Y=2950.000 Z=0.000), Max=(X=2650.000 Y=3050.000 Z=300.000) RuntimeGrid:None EditorOnly:0 RuntimeOnly:0 HLODRelevant:1 FolderPath:Pillars FolderGuid:BB8AF4C246C38D173850E8B115A3DCFE
 |   |   |- [+] [ 14]
 |   |   |   |- Guid:0BCF55F9426E2756D9F540B3A2B3EF11 BaseClass: NativeClass:/Script/Engine.StaticMeshActor Name:StaticMeshActor_UAID_C4BDE57D873BFE6A01_1473683801 Label:Wall_400x400 SpatiallyLoaded:1 Bounds:IsValid=true, Min=(X=-2440.000 Y=3760.000 Z=0.000), Max=(X=-440.000 Y=3780.000 Z=400.000) RuntimeGrid:None EditorOnly:0 RuntimeOnly:0 HLODRelevant:1
 |   |   |- [+] [ 15]
 |   |   |   |- Guid:27D1D08346A1EF4128694B88B9A3D896 BaseClass: NativeClass:/Script/Engine.PostProcessVolume Name:PostProcessVolume_1 Label:PostProcessVolume SpatiallyLoaded:0 Bounds:IsValid=true, Min=(X=0.000 Y=0.000 Z=400.000), Max=(X=200.000 Y=200.000 Z=600.000) RuntimeGrid:None EditorOnly:0 RuntimeOnly:0 HLODRelevant:0 FolderPath:Lighting FolderGuid:4C9334684BA61B42C769F799D2576455
 |   |   |- [+] [ 16]
 |   |   |   |- Guid:B453375B41D1D4B94A1ECEACD4B0E508 BaseClass: NativeClass:/Script/Engine.StaticMeshActor Name:StaticMeshActor_65 Label:SM_ChamferCube5 SpatiallyLoaded:1 Bounds:IsValid=true, Min=(X=2419.765 Y=1390.593 Z=0.063), Max=(X=2547.936 Y=1518.765 Z=100.063) RuntimeGrid:None EditorOnly:0 RuntimeOnly:0 HLODRelevant:0
 |   |   |- [+] [ 17]
 |   |   |   |- Guid:13F5E6B44719EB9A853631A2C0905F14 BaseClass: NativeClass:/Script/Engine.StaticMeshActor Name:StaticMeshActor_UAID_C4BDE57D873BFE6A01_1164933800 Label:Floor_400x400 SpatiallyLoaded:1 Bounds:IsValid=true, Min=(X=-2440.000 Y=-220.000 Z=-200.001), Max=(X=4360.000 Y=3780.000 Z=0.000) RuntimeGrid:None EditorOnly:0 RuntimeOnly:0 HLODRelevant:1
 |   |   |- [+] [ 18]
 |   |   |   |- Guid:937B525946BA2347E2D67894C90CEFCC BaseClass: NativeClass:/Script/Engine.PlayerStart Name:PlayerStart_0 Label:PlayerStart SpatiallyLoaded:0 Bounds:IsValid=true, Min=(X=-2320.000 Y=3230.000 Z=0.013), Max=(X=-2240.000 Y=3310.000 Z=184.013) RuntimeGrid:None EditorOnly:0 RuntimeOnly:0 HLODRelevant:0
 |   |   |- [+] [ 19]
 |   |   |   |- Guid:028A74F940BFC1123CE6A7BC4F2DFC58 BaseClass: NativeClass:/Script/Engine.SkyAtmosphere Name:SkyAtmosphere_1 Label:SkyAtmosphere SpatiallyLoaded:0 Bounds:IsValid=true, Min=(X=0.000 Y=0.000 Z=1020.000), Max=(X=0.000 Y=0.000 Z=1020.000) RuntimeGrid:None EditorOnly:0 RuntimeOnly:0 HLODRelevant:0 FolderPath:Lighting FolderGuid:4C9334684BA61B42C769F799D2576455
 |   |   |- [+] [ 20]
 |   |   |   |- Guid:4E8A3753442661C9C8A6C5ADBFE4FD17 BaseClass: NativeClass:/Script/Engine.StaticMeshActor Name:StaticMeshActor_UAID_C4BDE57D873BFE6A01_1614236804 Label:Wall_Window_400x400 SpatiallyLoaded:1 Bounds:IsValid=true, Min=(X=-440.000 Y=2160.000 Z=0.000), Max=(X=-40.000 Y=2180.000 Z=400.000) RuntimeGrid:None EditorOnly:0 RuntimeOnly:0 HLODRelevant:1
 |   |   |- [+] [ 21]
 |   |   |   |- Guid:191AF95548F2B887F1D7508FBBAD7AEA BaseClass: NativeClass:/Script/Engine.StaticMeshActor Name:StaticMeshActor_35 Label:SM_Cylinder5 SpatiallyLoaded:1 Bounds:IsValid=true, Min=(X=1750.000 Y=2750.000 Z=0.000), Max=(X=1850.000 Y=2850.000 Z=300.000) RuntimeGrid:None EditorOnly:0 RuntimeOnly:0 HLODRelevant:1 FolderPath:Pillars FolderGuid:BB8AF4C246C38D173850E8B115A3DCFE
 |   |   |- [+] [ 22]
 |   |   |   |- Guid:4F6BE3F8434D6C0BDE78D6B889A270E4 BaseClass: NativeClass:/Script/Engine.StaticMeshActor Name:StaticMeshActor_37 Label:SM_Cylinder7 SpatiallyLoaded:1 Bounds:IsValid=true, Min=(X=2720.000 Y=1330.000 Z=0.000), Max=(X=2820.000 Y=1830.000 Z=300.000) RuntimeGrid:None EditorOnly:0 RuntimeOnly:0 HLODRelevant:1 FolderPath:Pillars FolderGuid:BB8AF4C246C38D173850E8B115A3DCFE
 |   |   |- [+] [ 23]
 |   |   |   |- Guid:18ED397B4D709E37D87A838A54710B4A BaseClass: NativeClass:/Script/Engine.VolumetricCloud Name:VolumetricCloud_0 Label:VolumetricCloud SpatiallyLoaded:0 Bounds:IsValid=true, Min=(X=0.000 Y=0.000 Z=820.000), Max=(X=0.000 Y=0.000 Z=820.000) RuntimeGrid:None EditorOnly:0 RuntimeOnly:0 HLODRelevant:0 FolderPath:Lighting FolderGuid:4C9334684BA61B42C769F799D2576455
 |   |   |- [+] [ 24]
 |   |   |   |- Guid:B92B70BC4C26BD86543644B1B92D89EA BaseClass: NativeClass:/Script/Engine.StaticMeshActor Name:StaticMeshActor_42 Label:SM_ChamferCube SpatiallyLoaded:1 Bounds:IsValid=true, Min=(X=761.762 Y=2853.712 Z=0.063), Max=(X=902.646 Y=2994.595 Z=100.063) RuntimeGrid:None EditorOnly:0 RuntimeOnly:0 HLODRelevant:0
 |   |   |- [+] [ 25]
 |   |   |   |- Guid:F307B5BB41AEA655D7F2E5A34BF0E2E0 BaseClass: NativeClass:/Script/NavigationSystem.NavMeshBoundsVolume Name:NavMeshBoundsVolume_1 Label:NavMeshBoundsVolume SpatiallyLoaded:0 Bounds:IsValid=true, Min=(X=-2420.000 Y=-285.000 Z=-125.000), Max=(X=3980.000 Y=3785.000 Z=125.000) RuntimeGrid:None EditorOnly:0 RuntimeOnly:0 HLODRelevant:0 FolderPath:Navigation FolderGuid:AE45D61F453CC144CF8289862C276E89
 |   |   |- [+] [ 26]
 |   |   |   |- Guid:1193542A4F87FE4B8B3784904A79353C BaseClass:/Game/objects/PuzzlePiece.PuzzlePiece_C NativeClass:/Script/Engine.Actor Name:PuzzlePiece_C_UAID_C4BDE57D873B0B6B01_1784516103 Label:PuzzlePiece2 SpatiallyLoaded:1 Bounds:IsValid=true, Min=(X=984.000 Y=2514.000 Z=-96.000), Max=(X=1176.000 Y=2706.000 Z=96.000) RuntimeGrid:None EditorOnly:0 RuntimeOnly:0 HLODRelevant:0
 |   |   |- [+] [ 27]
 |   |   |   |- Guid:5A30FCC243B364C6A21CC58058DE276D BaseClass: NativeClass:/Script/Engine.ExponentialHeightFog Name:ExponentialHeightFog_1 Label:ExponentialHeightFog SpatiallyLoaded:0 Bounds:IsValid=true, Min=(X=-5600.000 Y=-50.000 Z=-6850.000), Max=(X=-5600.000 Y=-50.000 Z=-6850.000) RuntimeGrid:None EditorOnly:0 RuntimeOnly:0 HLODRelevant:0 FolderPath:Lighting FolderGuid:4C9334684BA61B42C769F799D2576455
 |   |   |- [+] [ 28]
 |   |   |   |- Guid:351C4AA94AF501438237BD849B84540A BaseClass: NativeClass:/Script/Engine.SkyLight Name:SkyLight_1 Label:SkyLight SpatiallyLoaded:0 Bounds:IsValid=true, Min=(X=0.000 Y=0.000 Z=690.000), Max=(X=0.000 Y=0.000 Z=690.000) RuntimeGrid:None EditorOnly:0 RuntimeOnly:0 HLODRelevant:0 FolderPath:Lighting FolderGuid:4C9334684BA61B42C769F799D2576455
 |   |   |- [+] [ 29]
 |   |   |   |- Guid:105C39B34F2B296882D8B2836E027F79 BaseClass: NativeClass:/Script/Engine.StaticMeshActor Name:StaticMeshActor_40 Label:SM_Cylinder10 SpatiallyLoaded:1 Bounds:IsValid=true, Min=(X=2250.000 Y=2650.000 Z=0.000), Max=(X=2350.000 Y=2750.000 Z=300.000) RuntimeGrid:None EditorOnly:0 RuntimeOnly:0 HLODRelevant:1 FolderPath:Pillars FolderGuid:BB8AF4C246C38D173850E8B115A3DCFE
 |   |   |- [+] [ 30]
 |   |   |   |- Guid:2C07191E4C32BFA6F2AF649BC1FBEEB2 BaseClass: NativeClass:/Script/Engine.StaticMeshActor Name:StaticMeshActor_3 Label:SM_Cylinder11 SpatiallyLoaded:1 Bounds:IsValid=true, Min=(X=1350.000 Y=2950.000 Z=0.000), Max=(X=1450.000 Y=3050.000 Z=300.000) RuntimeGrid:None EditorOnly:0 RuntimeOnly:0 HLODRelevant:1 FolderPath:Pillars FolderGuid:BB8AF4C246C38D173850E8B115A3DCFE
 |   |   |- [+] [ 31]
 |   |   |   |- Guid:7295F86D4EE97A87338ED2AE24EFFF2F BaseClass: NativeClass:/Script/Engine.StaticMeshActor Name:StaticMeshActor_UAID_A4AE111137DC5CFB00_1660657071 Label:SM_SkySphere SpatiallyLoaded:0 Bounds:IsValid=true, Min=(X=-1638400.000 Y=-1638400.000 Z=-1638400.000), Max=(X=1638400.000 Y=1638400.000 Z=1638400.000) RuntimeGrid:None EditorOnly:0 RuntimeOnly:0 HLODRelevant:1 FolderPath:Lighting FolderGuid:4C9334684BA61B42C769F799D2576455
 |   |   |- [+] [ 32]
 |   |   |   |- Guid:4701E7B240E1CC47B539AFAEC36B3153 BaseClass: NativeClass:/Script/Engine.StaticMeshActor Name:StaticMeshActor_UAID_C4BDE57D873B576B01_1790549463 Label:Wall_400x403 SpatiallyLoaded:1 Bounds:IsValid=true, Min=(X=-2440.000 Y=1770.000 Z=0.000), Max=(X=-2420.000 Y=3770.000 Z=400.000) RuntimeGrid:None EditorOnly:0 RuntimeOnly:0 HLODRelevant:1
 |   |   |- [+] [ 33]
 |   |   |   |- Guid:6865015A48C8DE0D98768D923A84AD4F BaseClass: NativeClass:/Script/Engine.StaticMeshActor Name:StaticMeshActor_UAID_C4BDE57D873B576B01_1807268464 Label:Wall_400x404 SpatiallyLoaded:1 Bounds:IsValid=true, Min=(X=-2440.000 Y=-220.000 Z=0.000), Max=(X=-2420.000 Y=1780.000 Z=400.000) RuntimeGrid:None EditorOnly:0 RuntimeOnly:0 HLODRelevant:1
 |   |   |- [+] [ 34]
 |   |   |   |- Guid:BE947B3343CD37E2AE1F169551B16A0E BaseClass: NativeClass:/Script/Engine.TextRenderActor Name:TextRenderActor_UAID_C4BDE57D873B576B01_1892020465 Label:TextRenderActor SpatiallyLoaded:1 Bounds:IsValid=true, Min=(X=-1840.000 Y=2295.192 Z=-0.000), Max=(X=-1740.000 Y=3604.808 Z=-0.000) RuntimeGrid:None EditorOnly:0 RuntimeOnly:0 HLODRelevant:0
 |   |   |- [+] [ 35]
 |   |   |   |- Guid:7FC4A9474D91AB5505D6D999FF9FA21C BaseClass: NativeClass:/Script/Engine.StaticMeshActor Name:StaticMeshActor_UAID_C4BDE57D873B576B01_2128803466 Label:Wall_400x405 SpatiallyLoaded:1 Bounds:IsValid=true, Min=(X=1560.000 Y=3760.000 Z=0.000), Max=(X=3560.000 Y=3780.000 Z=400.000) RuntimeGrid:None EditorOnly:0 RuntimeOnly:0 HLODRelevant:1
 |   |   |- [+] [ 36]
 |   |   |   |- Guid:83E96B054FD8E817664ADDA28903ACF7 BaseClass: NativeClass:/Script/Engine.StaticMeshActor Name:StaticMeshActor_UAID_C4BDE57D873B586B01_1091957643 Label:Wall_400x406 SpatiallyLoaded:1 Bounds:IsValid=true, Min=(X=3560.000 Y=1780.000 Z=0.000), Max=(X=3580.000 Y=3780.000 Z=400.000) RuntimeGrid:None EditorOnly:0 RuntimeOnly:0 HLODRelevant:1
 |   |   |- [+] [ 37]
 |   |   |   |- Guid:0510BFBF4A4CAEC471FFD2935AF39611 BaseClass: NativeClass:/Script/Engine.StaticMeshActor Name:StaticMeshActor_UAID_C4BDE57D873B586B01_1136423644 Label:Wall_Window_400x401 SpatiallyLoaded:1 Bounds:IsValid=true, Min=(X=3560.000 Y=1380.000 Z=0.000), Max=(X=3580.000 Y=1780.000 Z=400.000) RuntimeGrid:None EditorOnly:0 RuntimeOnly:0 HLODRelevant:1
 |   |   |- [+] [ 38]
 |   |   |   |- Guid:F2A8FBF54146E5F683C21686128FC9B4 BaseClass: NativeClass:/Script/Engine.StaticMeshActor Name:StaticMeshActor_UAID_C4BDE57D873B586B01_1248602645 Label:Wall_400x407 SpatiallyLoaded:1 Bounds:IsValid=true, Min=(X=3560.000 Y=580.000 Z=0.000), Max=(X=3580.000 Y=1380.000 Z=400.000) RuntimeGrid:None EditorOnly:0 RuntimeOnly:0 HLODRelevant:1
 |   |   |- [+] [ 39]
 |   |   |   |- Guid:D380CAB34BD9C87B7023FBB8C1843DE1 BaseClass: NativeClass:/Script/Engine.StaticMeshActor Name:StaticMeshActor_UAID_C4BDE57D873B586B01_1295483646 Label:Wall_400x408 SpatiallyLoaded:1 Bounds:IsValid=true, Min=(X=3560.000 Y=190.000 Z=0.000), Max=(X=3580.000 Y=490.000 Z=400.000) RuntimeGrid:None EditorOnly:0 RuntimeOnly:0 HLODRelevant:1
 |   |   |- [+] [ 40]
 |   |   |   |- Guid:C50BAA4D4B068C02014AC69D5101B1D0 BaseClass: NativeClass:/Script/Engine.StaticMeshActor Name:StaticMeshActor_UAID_C4BDE57D873B586B01_1316363647 Label:Wall_Window_400x402 SpatiallyLoaded:1 Bounds:IsValid=true, Min=(X=3560.000 Y=-210.000 Z=0.000), Max=(X=3580.000 Y=190.000 Z=400.000) RuntimeGrid:None EditorOnly:0 RuntimeOnly:0 HLODRelevant:1
 |- ContainerInstances:
 |- [+] MainContainer:
 |   |-        ID: 0x0000000000000000
 |   |-    Bounds: IsValid=false, Min=(X=0.000 Y=0.000 Z=0.000), Max=(X=0.000 Y=0.000 Z=0.000)
 |   |- Transform: 0.000000,0.000000,0.000000|0.000000,0.000000,-0.000000|1.000000,1.000000,1.000000
 |   |- Container: /Game/TopDown/Maps/GameMap1
----------------------------------------------------------------------------------------------------------------
GameMap1 - Persistent Level
----------------------------------------------------------------------------------------------------------------
Always loaded Actor Count: 51 

----------------------------------------------------------------------------------------------------------------
GameMap1 - Runtime Spatial Hash - Streaming Grid - MainGrid
----------------------------------------------------------------------------------------------------------------
            Origin: X=0.000 Y=0.000 Z=0.000
         Cell Size: 12800
      World Bounds: IsValid=false, Min=(X=0.000 Y=0.000 Z=0.000), Max=(X=0.000 Y=0.000 Z=0.000)
     Loading Range: 25600.00
Block Slow Loading: No
 ClientOnlyVisible: No

[+] Grid Levels: 1
 |- Level  0: Cell Count    0 | Cell Size   12800 | Actor Count    0 (0.0%)

[+] Content of Grid Level 0

